2024-08-07 23:04:32.882 INFO: MACE version: 0.3.4
2024-08-07 23:04:32.882 INFO: Configuration: Namespace(name='Li_MACE', seed=1214, log_dir='logs', model_dir='.', checkpoints_dir='checkpoints', results_dir='results', downloads_dir='downloads', device='cuda', default_dtype='float64', log_level='INFO', error_table='PerAtomMAE', model='MACE', r_max=4.5, radial_type='bessel', num_radial_basis=8, num_cutoff_basis=5, interaction='RealAgnosticResidualInteractionBlock', interaction_first='RealAgnosticResidualInteractionBlock', max_ell=3, correlation=3, num_interactions=2, MLP_irreps='16x0e', radial_MLP='[64, 64, 64]', hidden_irreps='128x0e + 128x1o', num_channels=None, max_L=2, gate='silu', scaling='rms_forces_scaling', avg_num_neighbors=1, compute_avg_num_neighbors=True, compute_stress=False, compute_forces=True, train_file='train.xyz', valid_file=None, valid_fraction=0.05, test_file='test.xyz', E0s='average', energy_key='energy', forces_key='forces', virials_key='virials', stress_key='stress', dipole_key='dipole', charges_key='charges', loss='weighted', forces_weight=100.0, swa_forces_weight=100.0, energy_weight=1.0, swa_energy_weight=1000.0, virials_weight=1.0, swa_virials_weight=10.0, stress_weight=1.0, swa_stress_weight=10.0, dipole_weight=1.0, swa_dipole_weight=1.0, config_type_weights='{"Default":1.0}', huber_delta=0.01, optimizer='adam', batch_size=1, valid_batch_size=10, lr=0.01, swa_lr=0.001, weight_decay=5e-07, amsgrad=True, scheduler='ReduceLROnPlateau', lr_factor=0.8, scheduler_patience=50, lr_scheduler_gamma=0.9993, swa=True, start_swa=None, ema=True, ema_decay=0.99, max_num_epochs=200, patience=5, eval_interval=2, keep_checkpoints=False, restart_latest=True, save_cpu=True, clip_grad=10.0, wandb=False, wandb_project='', wandb_entity='', wandb_name='', wandb_log_hypers=['num_channels', 'max_L', 'correlation', 'lr', 'swa_lr', 'weight_decay', 'batch_size', 'max_num_epochs', 'start_swa', 'energy_weight', 'forces_weight'])
2024-08-07 23:04:32.901 INFO: CUDA version: 11.8, CUDA device: 0
2024-08-07 23:04:33.330 INFO: Loaded 180 training configurations from 'train.xyz'
2024-08-07 23:04:33.330 INFO: Using random 5.0% of training set for validation
2024-08-07 23:04:33.444 INFO: Loaded 45 test configurations from 'test.xyz'
2024-08-07 23:04:33.444 INFO: Total number of configurations: train=171, valid=9, tests=[Default: 45]
2024-08-07 23:04:33.457 INFO: AtomicNumberTable: (3,)
2024-08-07 23:04:33.457 INFO: Atomic Energies not in training file, using command line argument E0s
2024-08-07 23:04:33.457 INFO: Computing average Atomic Energies using least squares regression
2024-08-07 23:04:33.458 INFO: Atomic energies: [-1.816359498843679]
2024-08-07 23:04:34.259 INFO: WeightedEnergyForcesLoss(energy_weight=1.000, forces_weight=100.000)
2024-08-07 23:04:34.494 INFO: Average number of neighbors: 15.849117920148561
2024-08-07 23:04:34.494 INFO: Selected the following outputs: {'energy': True, 'forces': True, 'virials': False, 'stress': False, 'dipoles': False}
2024-08-07 23:04:34.494 INFO: Building model
2024-08-07 23:04:34.495 INFO: Hidden irreps: 128x0e + 128x1o
2024-08-07 23:04:38.431 INFO: Using stochastic weight averaging (after 150 epochs) with energy weight : 1000.0, forces weight : 100.0 and learning rate : 0.001
2024-08-07 23:04:38.532 WARNING: Cannot find checkpoint with tag 'Li_MACE_run-1214' in 'checkpoints'
2024-08-07 23:04:38.534 INFO: ScaleShiftMACE(
  (node_embedding): LinearNodeEmbeddingBlock(
    (linear): Linear(1x0e -> 128x0e | 128 weights)
  )
  (radial_embedding): RadialEmbeddingBlock(
    (bessel_fn): BesselBasis(r_max=4.5, num_basis=8, trainable=False)
    (cutoff_fn): PolynomialCutoff(p=5.0, r_max=4.5)
  )
  (spherical_harmonics): SphericalHarmonics()
  (atomic_energies_fn): AtomicEnergiesBlock(energies=[-1.8164])
  (interactions): ModuleList(
    (0): RealAgnosticInteractionBlock(
      (linear_up): Linear(128x0e -> 128x0e | 16384 weights)
      (conv_tp): TensorProduct(128x0e x 1x0e+1x1o+1x2e+1x3o -> 128x0e+128x1o+128x2e+128x3o | 512 paths | 512 weights)
      (conv_tp_weights): FullyConnectedNet[8, 64, 64, 64, 512]
      (linear): Linear(128x0e+128x1o+128x2e+128x3o -> 128x0e+128x1o+128x2e+128x3o | 65536 weights)
      (skip_tp): FullyConnectedTensorProduct(128x0e+128x1o+128x2e+128x3o x 1x0e -> 128x0e+128x1o+128x2e+128x3o | 65536 paths | 65536 weights)
      (reshape): reshape_irreps()
    )
    (1): RealAgnosticResidualInteractionBlock(
      (linear_up): Linear(128x0e+128x1o -> 128x0e+128x1o | 32768 weights)
      (conv_tp): TensorProduct(128x0e+128x1o x 1x0e+1x1o+1x2e+1x3o -> 256x0e+384x1o+384x2e+256x3o | 1280 paths | 1280 weights)
      (conv_tp_weights): FullyConnectedNet[8, 64, 64, 64, 1280]
      (linear): Linear(256x0e+384x1o+384x2e+256x3o -> 128x0e+128x1o+128x2e+128x3o | 163840 weights)
      (skip_tp): FullyConnectedTensorProduct(128x0e+128x1o x 1x0e -> 128x0e | 16384 paths | 16384 weights)
      (reshape): reshape_irreps()
    )
  )
  (products): ModuleList(
    (0): EquivariantProductBasisBlock(
      (symmetric_contractions): SymmetricContraction(
        (contractions): ModuleList(
          (0): Contraction(
            (contractions_weighting): ModuleList(
              (0-1): 2 x GraphModule()
            )
            (contractions_features): ModuleList(
              (0-1): 2 x GraphModule()
            )
            (weights): ParameterList(
                (0): Parameter containing: [torch.float64 of size 1x4x128 (GPU 0)]
                (1): Parameter containing: [torch.float64 of size 1x1x128 (GPU 0)]
            )
            (graph_opt_main): GraphModule()
          )
          (1): Contraction(
            (contractions_weighting): ModuleList(
              (0-1): 2 x GraphModule()
            )
            (contractions_features): ModuleList(
              (0-1): 2 x GraphModule()
            )
            (weights): ParameterList(
                (0): Parameter containing: [torch.float64 of size 1x6x128 (GPU 0)]
                (1): Parameter containing: [torch.float64 of size 1x1x128 (GPU 0)]
            )
            (graph_opt_main): GraphModule()
          )
        )
      )
      (linear): Linear(128x0e+128x1o -> 128x0e+128x1o | 32768 weights)
    )
    (1): EquivariantProductBasisBlock(
      (symmetric_contractions): SymmetricContraction(
        (contractions): ModuleList(
          (0): Contraction(
            (contractions_weighting): ModuleList(
              (0-1): 2 x GraphModule()
            )
            (contractions_features): ModuleList(
              (0-1): 2 x GraphModule()
            )
            (weights): ParameterList(
                (0): Parameter containing: [torch.float64 of size 1x4x128 (GPU 0)]
                (1): Parameter containing: [torch.float64 of size 1x1x128 (GPU 0)]
            )
            (graph_opt_main): GraphModule()
          )
        )
      )
      (linear): Linear(128x0e -> 128x0e | 16384 weights)
    )
  )
  (readouts): ModuleList(
    (0): LinearReadoutBlock(
      (linear): Linear(128x0e+128x1o -> 1x0e | 128 weights)
    )
    (1): NonLinearReadoutBlock(
      (linear_1): Linear(128x0e -> 16x0e | 2048 weights)
      (non_linearity): Activation [x] (16x0e -> 16x0e)
      (linear_2): Linear(16x0e -> 1x0e | 16 weights)
    )
  )
  (scale_shift): ScaleShiftBlock(scale=0.315892, shift=0.000000)
)
2024-08-07 23:04:38.536 INFO: Number of parameters: 558608
2024-08-07 23:04:38.537 INFO: Optimizer: Adam (
Parameter Group 0
    amsgrad: True
    betas: (0.9, 0.999)
    capturable: False
    differentiable: False
    eps: 1e-08
    foreach: None
    fused: None
    initial_lr: 0.01
    lr: 0.01
    maximize: False
    name: embedding
    swa_lr: 0.001
    weight_decay: 0.0

Parameter Group 1
    amsgrad: True
    betas: (0.9, 0.999)
    capturable: False
    differentiable: False
    eps: 1e-08
    foreach: None
    fused: None
    initial_lr: 0.01
    lr: 0.01
    maximize: False
    name: interactions_decay
    swa_lr: 0.001
    weight_decay: 5e-07

Parameter Group 2
    amsgrad: True
    betas: (0.9, 0.999)
    capturable: False
    differentiable: False
    eps: 1e-08
    foreach: None
    fused: None
    initial_lr: 0.01
    lr: 0.01
    maximize: False
    name: interactions_no_decay
    swa_lr: 0.001
    weight_decay: 0.0

Parameter Group 3
    amsgrad: True
    betas: (0.9, 0.999)
    capturable: False
    differentiable: False
    eps: 1e-08
    foreach: None
    fused: None
    initial_lr: 0.01
    lr: 0.01
    maximize: False
    name: products
    swa_lr: 0.001
    weight_decay: 5e-07

Parameter Group 4
    amsgrad: True
    betas: (0.9, 0.999)
    capturable: False
    differentiable: False
    eps: 1e-08
    foreach: None
    fused: None
    initial_lr: 0.01
    lr: 0.01
    maximize: False
    name: readouts
    swa_lr: 0.001
    weight_decay: 0.0
)
2024-08-07 23:04:38.537 INFO: Using gradient clipping with tolerance=10.000
2024-08-07 23:04:38.537 INFO: Started training
2024-08-07 23:05:27.227 INFO: Epoch 0: loss=0.1370, MAE_E_per_atom=38.4 meV, MAE_F=26.0 meV / A
2024-08-07 23:06:30.923 INFO: Epoch 2: loss=0.0512, MAE_E_per_atom=22.3 meV, MAE_F=17.4 meV / A
2024-08-07 23:07:31.964 INFO: Epoch 4: loss=0.0465, MAE_E_per_atom=19.4 meV, MAE_F=16.5 meV / A
2024-08-07 23:08:32.745 INFO: Epoch 6: loss=0.0368, MAE_E_per_atom=24.5 meV, MAE_F=14.8 meV / A
2024-08-07 23:09:33.368 INFO: Epoch 8: loss=0.0358, MAE_E_per_atom=21.8 meV, MAE_F=14.6 meV / A
2024-08-07 23:10:34.285 INFO: Epoch 10: loss=0.0349, MAE_E_per_atom=22.5 meV, MAE_F=14.4 meV / A
2024-08-07 23:11:34.983 INFO: Epoch 12: loss=0.0329, MAE_E_per_atom=24.0 meV, MAE_F=14.0 meV / A
2024-08-07 23:12:35.616 INFO: Epoch 14: loss=0.0317, MAE_E_per_atom=25.4 meV, MAE_F=13.7 meV / A
2024-08-07 23:13:36.723 INFO: Epoch 16: loss=0.0308, MAE_E_per_atom=24.3 meV, MAE_F=13.5 meV / A
2024-08-07 23:14:39.562 INFO: Epoch 18: loss=0.0790, MAE_E_per_atom=16.6 meV, MAE_F=19.7 meV / A
2024-08-07 23:15:42.463 INFO: Epoch 20: loss=0.0349, MAE_E_per_atom=22.0 meV, MAE_F=14.4 meV / A
2024-08-07 23:16:43.051 INFO: Epoch 22: loss=0.0311, MAE_E_per_atom=25.4 meV, MAE_F=13.5 meV / A
2024-08-07 23:17:43.946 INFO: Epoch 24: loss=0.0312, MAE_E_per_atom=23.2 meV, MAE_F=13.6 meV / A
2024-08-07 23:18:44.172 INFO: Epoch 26: loss=0.0298, MAE_E_per_atom=26.2 meV, MAE_F=13.3 meV / A
2024-08-07 23:19:45.041 INFO: Epoch 28: loss=0.0294, MAE_E_per_atom=26.8 meV, MAE_F=13.1 meV / A
2024-08-07 23:20:46.287 INFO: Epoch 30: loss=0.0288, MAE_E_per_atom=26.5 meV, MAE_F=13.0 meV / A
2024-08-07 23:21:47.316 INFO: Epoch 32: loss=0.0289, MAE_E_per_atom=26.4 meV, MAE_F=13.0 meV / A
2024-08-07 23:22:47.531 INFO: Epoch 34: loss=0.0282, MAE_E_per_atom=26.8 meV, MAE_F=12.9 meV / A
2024-08-07 23:23:49.115 INFO: Epoch 36: loss=0.0280, MAE_E_per_atom=25.9 meV, MAE_F=12.8 meV / A
2024-08-07 23:24:50.092 INFO: Epoch 38: loss=0.0276, MAE_E_per_atom=25.1 meV, MAE_F=12.8 meV / A
2024-08-07 23:25:51.457 INFO: Epoch 40: loss=0.0279, MAE_E_per_atom=24.5 meV, MAE_F=12.9 meV / A
2024-08-07 23:26:51.514 INFO: Epoch 42: loss=0.0273, MAE_E_per_atom=25.9 meV, MAE_F=12.7 meV / A
2024-08-07 23:27:53.350 INFO: Epoch 44: loss=0.0266, MAE_E_per_atom=25.4 meV, MAE_F=12.5 meV / A
2024-08-07 23:28:54.245 INFO: Epoch 46: loss=0.0294, MAE_E_per_atom=22.0 meV, MAE_F=13.2 meV / A
2024-08-07 23:29:54.939 INFO: Epoch 48: loss=0.0271, MAE_E_per_atom=24.9 meV, MAE_F=12.7 meV / A
2024-08-07 23:30:55.060 INFO: Epoch 50: loss=0.0270, MAE_E_per_atom=25.3 meV, MAE_F=12.6 meV / A
2024-08-07 23:31:55.659 INFO: Epoch 52: loss=0.0298, MAE_E_per_atom=22.8 meV, MAE_F=13.3 meV / A
2024-08-07 23:32:56.990 INFO: Epoch 54: loss=0.0267, MAE_E_per_atom=25.8 meV, MAE_F=12.5 meV / A
2024-08-07 23:32:56.990 INFO: Stopping optimization after 5 epochs without improvement and starting swa
2024-08-07 23:32:56.990 INFO: Changing loss based on SWA
2024-08-07 23:33:57.751 INFO: Epoch 152: loss=0.0634, MAE_E_per_atom=3.2 meV, MAE_F=17.9 meV / A
2024-08-07 23:34:58.713 INFO: Epoch 154: loss=0.0444, MAE_E_per_atom=1.6 meV, MAE_F=15.8 meV / A
2024-08-07 23:35:59.728 INFO: Epoch 156: loss=0.0403, MAE_E_per_atom=1.5 meV, MAE_F=15.1 meV / A
2024-08-07 23:37:00.428 INFO: Epoch 158: loss=0.0381, MAE_E_per_atom=1.4 meV, MAE_F=14.8 meV / A
2024-08-07 23:38:01.749 INFO: Epoch 160: loss=0.0369, MAE_E_per_atom=1.4 meV, MAE_F=14.5 meV / A
2024-08-07 23:39:02.768 INFO: Epoch 162: loss=0.0362, MAE_E_per_atom=1.3 meV, MAE_F=14.4 meV / A
2024-08-07 23:40:04.150 INFO: Epoch 164: loss=0.0346, MAE_E_per_atom=1.2 meV, MAE_F=14.2 meV / A
2024-08-07 23:41:04.842 INFO: Epoch 166: loss=0.0346, MAE_E_per_atom=1.2 meV, MAE_F=14.1 meV / A
2024-08-07 23:42:05.675 INFO: Epoch 168: loss=0.0339, MAE_E_per_atom=1.1 meV, MAE_F=14.0 meV / A
2024-08-07 23:43:06.308 INFO: Epoch 170: loss=0.0338, MAE_E_per_atom=1.2 meV, MAE_F=13.9 meV / A
2024-08-07 23:44:07.721 INFO: Epoch 172: loss=0.0334, MAE_E_per_atom=1.1 meV, MAE_F=13.9 meV / A
2024-08-07 23:45:08.304 INFO: Epoch 174: loss=0.0327, MAE_E_per_atom=1.1 meV, MAE_F=13.8 meV / A
2024-08-07 23:46:08.825 INFO: Epoch 176: loss=0.0325, MAE_E_per_atom=1.0 meV, MAE_F=13.8 meV / A
2024-08-07 23:47:12.194 INFO: Epoch 178: loss=0.0323, MAE_E_per_atom=1.1 meV, MAE_F=13.7 meV / A
2024-08-07 23:48:27.208 INFO: Epoch 180: loss=0.0322, MAE_E_per_atom=1.0 meV, MAE_F=13.7 meV / A
2024-08-07 23:49:33.915 INFO: Epoch 182: loss=0.0318, MAE_E_per_atom=1.0 meV, MAE_F=13.7 meV / A
2024-08-07 23:50:34.881 INFO: Epoch 184: loss=0.0318, MAE_E_per_atom=1.0 meV, MAE_F=13.7 meV / A
2024-08-07 23:51:34.731 INFO: Epoch 186: loss=0.0318, MAE_E_per_atom=1.0 meV, MAE_F=13.6 meV / A
2024-08-07 23:52:34.782 INFO: Epoch 188: loss=0.0316, MAE_E_per_atom=1.0 meV, MAE_F=13.6 meV / A
2024-08-07 23:53:35.378 INFO: Epoch 190: loss=0.0314, MAE_E_per_atom=1.0 meV, MAE_F=13.5 meV / A
2024-08-07 23:54:36.046 INFO: Epoch 192: loss=0.0313, MAE_E_per_atom=1.0 meV, MAE_F=13.5 meV / A
2024-08-07 23:55:36.404 INFO: Epoch 194: loss=0.0313, MAE_E_per_atom=1.0 meV, MAE_F=13.5 meV / A
2024-08-07 23:56:36.421 INFO: Epoch 196: loss=0.0314, MAE_E_per_atom=1.0 meV, MAE_F=13.5 meV / A
2024-08-07 23:57:36.304 INFO: Epoch 198: loss=0.0311, MAE_E_per_atom=1.0 meV, MAE_F=13.5 meV / A
2024-08-07 23:58:06.608 INFO: Training complete
2024-08-07 23:58:06.609 INFO: Computing metrics for training, validation, and test sets
2024-08-07 23:58:06.610 INFO: Loading checkpoint: checkpoints/Li_MACE_run-1214_epoch-44.pt
2024-08-07 23:58:06.656 INFO: Loaded model from epoch 44
2024-08-07 23:58:07.390 INFO: Evaluating train ...
2024-08-07 23:58:19.494 INFO: Evaluating valid ...
2024-08-07 23:58:20.151 INFO: Evaluating Default ...
2024-08-07 23:58:23.152 INFO: 
+-------------+--------------------+-----------------+------------------+
| config_type | MAE E / meV / atom | MAE F / meV / A | relative F MAE % |
+-------------+--------------------+-----------------+------------------+
|    train    |        32.1        |       11.2      |       4.82       |
|    valid    |        25.4        |       12.5      |       4.65       |
|   Default   |        31.7        |       11.4      |       4.89       |
+-------------+--------------------+-----------------+------------------+
2024-08-07 23:58:23.152 INFO: Saving model to checkpoints/Li_MACE_run-1214.model
2024-08-07 23:58:23.950 INFO: Loading checkpoint: checkpoints/Li_MACE_run-1214_epoch-198_swa.pt
2024-08-07 23:58:24.012 INFO: Loaded model from epoch 198
2024-08-07 23:58:24.722 INFO: Evaluating train ...
2024-08-07 23:58:33.544 INFO: Evaluating valid ...
2024-08-07 23:58:34.201 INFO: Evaluating Default ...
2024-08-07 23:58:36.546 INFO: 
+-------------+--------------------+-----------------+------------------+
| config_type | MAE E / meV / atom | MAE F / meV / A | relative F MAE % |
+-------------+--------------------+-----------------+------------------+
|    train    |        1.0         |       12.6      |       5.40       |
|    valid    |        1.0         |       13.5      |       5.01       |
|   Default   |        1.0         |       12.7      |       5.43       |
+-------------+--------------------+-----------------+------------------+
2024-08-07 23:58:36.547 INFO: Saving model to checkpoints/Li_MACE_run-1214_swa.model
2024-08-07 23:58:37.299 INFO: Done
